
Circuit 1 cell sky130_fd_pr__pfet_01v8 and Circuit 2 cell sky130_fd_pr__pfet_01v8 are black boxes.
Warning: Equate pins:  cell sky130_fd_pr__pfet_01v8 is a placeholder, treated as a black box.
Warning: Equate pins:  cell sky130_fd_pr__pfet_01v8 is a placeholder, treated as a black box.

Subcircuit pins:
Circuit 1: sky130_fd_pr__pfet_01v8         |Circuit 2: sky130_fd_pr__pfet_01v8         
-------------------------------------------|-------------------------------------------
1                                          |1                                          
2                                          |2                                          
3                                          |3                                          
4                                          |4                                          
---------------------------------------------------------------------------------------
Cell pin lists are equivalent.
Device classes sky130_fd_pr__pfet_01v8 and sky130_fd_pr__pfet_01v8 are equivalent.

Circuit 1 cell sky130_fd_pr__nfet_01v8_lvt and Circuit 2 cell sky130_fd_pr__nfet_01v8_lvt are black boxes.
Warning: Equate pins:  cell sky130_fd_pr__nfet_01v8_lvt is a placeholder, treated as a black box.
Warning: Equate pins:  cell sky130_fd_pr__nfet_01v8_lvt is a placeholder, treated as a black box.

Subcircuit pins:
Circuit 1: sky130_fd_pr__nfet_01v8_lvt     |Circuit 2: sky130_fd_pr__nfet_01v8_lvt     
-------------------------------------------|-------------------------------------------
1                                          |1                                          
2                                          |2                                          
3                                          |3                                          
4                                          |4                                          
---------------------------------------------------------------------------------------
Cell pin lists are equivalent.
Device classes sky130_fd_pr__nfet_01v8_lvt and sky130_fd_pr__nfet_01v8_lvt are equivalent.

Circuit 1 cell sky130_fd_pr__nfet_01v8 and Circuit 2 cell sky130_fd_pr__nfet_01v8 are black boxes.
Warning: Equate pins:  cell sky130_fd_pr__nfet_01v8 is a placeholder, treated as a black box.
Warning: Equate pins:  cell sky130_fd_pr__nfet_01v8 is a placeholder, treated as a black box.

Subcircuit pins:
Circuit 1: sky130_fd_pr__nfet_01v8         |Circuit 2: sky130_fd_pr__nfet_01v8         
-------------------------------------------|-------------------------------------------
1                                          |1                                          
2                                          |2                                          
3                                          |3                                          
4                                          |4                                          
---------------------------------------------------------------------------------------
Cell pin lists are equivalent.
Device classes sky130_fd_pr__nfet_01v8 and sky130_fd_pr__nfet_01v8 are equivalent.
Flattening unmatched subcell sky130_fd_pr__pfet_01v8_KPD88M in circuit power_transistor (0)(360 instances)

Class power_transistor (0):  Merged 5398 parallel devices.
Subcircuit summary:
Circuit 1: power_transistor                |Circuit 2: power_transistor                
-------------------------------------------|-------------------------------------------
sky130_fd_pr__pfet_01v8 (5400->2)          |sky130_fd_pr__pfet_01v8 (5370->2)          
Number of devices: 2                       |Number of devices: 2                       
Number of nets: 4                          |Number of nets: 4                          
---------------------------------------------------------------------------------------
Resolving symmetries by property value.
Netlists match uniquely.

Subcircuit pins:
Circuit 1: power_transistor                |Circuit 2: power_transistor                
-------------------------------------------|-------------------------------------------
EA_OUT                                     |EA_OUT                                     
BIAS_CURR                                  |BIAS_CURR                                  
OUT                                        |OUT                                        
VDD                                        |VDD                                        
---------------------------------------------------------------------------------------
Cell pin lists are equivalent.
Device classes power_transistor and power_transistor are equivalent.
Flattening unmatched subcell sky130_fd_pr__nfet_01v8_lvt_A3UXRA in circuit opamp (0)(1 instance)
Flattening unmatched subcell sky130_fd_pr__pfet_01v8_477Z4B in circuit opamp (0)(2 instances)
Flattening unmatched subcell sky130_fd_pr__nfet_01v8_Z85A38 in circuit opamp (0)(1 instance)
Flattening unmatched subcell sky130_fd_pr__nfet_01v8_U3DWQW in circuit opamp (0)(1 instance)
Flattening unmatched subcell sky130_fd_pr__nfet_01v8_2J7QF2 in circuit opamp (0)(1 instance)

Class opamp (0):  Merged 353 parallel devices.
Subcircuit summary:
Circuit 1: opamp                           |Circuit 2: opamp                           
-------------------------------------------|-------------------------------------------
sky130_fd_pr__nfet_01v8_lvt (300->1)       |sky130_fd_pr__nfet_01v8_lvt (300->1)       
sky130_fd_pr__pfet_01v8 (28->6)            |sky130_fd_pr__pfet_01v8 (28->6)            
sky130_fd_pr__nfet_01v8 (40->8)            |sky130_fd_pr__nfet_01v8 (40->8)            
Number of devices: 15                      |Number of devices: 15                      
Number of nets: 10                         |Number of nets: 10                         
---------------------------------------------------------------------------------------
Netlists match uniquely.

Subcircuit pins:
Circuit 1: opamp                           |Circuit 2: opamp                           
-------------------------------------------|-------------------------------------------
NEG                                        |NEG                                        
POS                                        |POS                                        
BIAS_CUR                                   |BIAS_CUR                                   
EA_OUT                                     |EA_OUT                                     
VDD                                        |VDD                                        
VSS                                        |VSS                                        
---------------------------------------------------------------------------------------
Cell pin lists are equivalent.
Device classes opamp and opamp are equivalent.

Subcircuit summary:
Circuit 1: ulqc_ldo                        |Circuit 2: ulqc_ldo                        
-------------------------------------------|-------------------------------------------
power_transistor (1)                       |power_transistor (1)                       
opamp (1)                                  |opamp (1)                                  
Number of devices: 2                       |Number of devices: 2                       
Number of nets: 7                          |Number of nets: 7                          
---------------------------------------------------------------------------------------
Netlists match uniquely.

Subcircuit pins:
Circuit 1: ulqc_ldo                        |Circuit 2: ulqc_ldo                        
-------------------------------------------|-------------------------------------------
ADJ                                        |ADJ                                        
BGR_IN                                     |BGR_IN                                     
VSS                                        |VSS                                        
OUT                                        |OUT                                        
VIN                                        |VIN                                        
EA_OUT                                     |EA_OUT                                     
---------------------------------------------------------------------------------------
Cell pin lists are equivalent.
Device classes ulqc_ldo and ulqc_ldo are equivalent.

Final result: Circuits match uniquely.
.
